number,value,datetime_start,datetime_complete,duration,params_activation,params_batch_size,params_hidden_dim,params_learning_rate,params_weight_decay,user_attrs_fold_epochs,user_attrs_fold_scores,user_attrs_recommended_epochs,state
0,0.1836148308881372,2026-08-18 19:40:46.967136,2026-08-18 19:40:50.915999,0 days 00:00:03.948863,relu,32,128,0.0007352336609490336,0.0008265891226843978,"[88, 50, 46]","[0.2335900376331335, 0.17092785543195044, 0.14632659959932776]",50.0,COMPLETE
1,0.16504970763234927,2026-08-18 19:40:51.011537,2026-08-18 19:40:52.444073,0 days 00:00:01.432536,relu,64,32,0.0019661163445233365,4.838820896628907e-06,"[12, 11, 77]","[0.1787682711082824, 0.16915770751612785, 0.14722314427263758]",12.0,COMPLETE
2,0.159234796543626,2026-08-18 19:40:52.536265,2026-08-18 19:40:56.240587,0 days 00:00:03.704322,relu,16,32,0.0006574692470508799,0.00011332919418280793,"[24, 65, 20]","[0.16083965158079125, 0.16995753337459354, 0.14690720467549317]",24.0,COMPLETE
3,0.1427225144895533,2026-08-18 19:40:56.333471,2026-08-18 19:40:57.756120,0 days 00:00:01.422649,silu,64,16,0.00020240464971550657,6.359232829820194e-06,"[97, 100, 98]","[0.14438033711044648, 0.1379282254803822, 0.14585898087783125]",98.0,COMPLETE
4,0.14148369457913343,2026-08-18 19:40:57.847387,2026-08-18 19:41:01.418844,0 days 00:00:03.571457,gelu,16,16,0.0007402071822456697,3.5308579052359434e-07,"[21, 16, 20]","[0.1428479729831959, 0.13856447472944838, 0.14303863602475597]",20.0,COMPLETE
5,0.15046264220609135,2026-08-18 19:41:01.510696,2026-08-18 19:41:03.670855,0 days 00:00:02.160159,relu,32,16,0.0007433720105602798,0.0016182964259808025,"[31, 65, 31]","[0.1490145698501371, 0.15563760656600584, 0.1467357502021311]",31.0,COMPLETE
6,0.14039340195700456,2026-08-18 19:41:03.763214,2026-08-18 19:41:05.480495,0 days 00:00:01.717281,silu,64,64,0.0004908813705060208,0.003530261346905313,"[26, 67, 72]","[0.14372207485052685, 0.13316285677933087, 0.14429527424115596]",67.0,COMPLETE
7,0.1511812846546597,2026-08-18 19:41:05.578498,2026-08-18 19:41:07.103172,0 days 00:00:01.524674,relu,64,64,0.00032395967876280304,0.0005420211418258158,"[91, 91, 51]","[0.14238776310767817, 0.16357828976861738, 0.14757780108768354]",91.0,COMPLETE
8,0.14377924131069075,2026-08-18 19:41:07.194229,2026-08-18 19:41:09.625040,0 days 00:00:02.430811,gelu,32,64,0.0008801297766480869,7.035876565518882e-06,"[19, 19, 14]","[0.14960275877883644, 0.13607933221934557, 0.14565563293389028]",19.0,COMPLETE
9,0.15536037087206972,2026-08-18 19:41:09.718774,2026-08-18 19:41:12.469219,0 days 00:00:02.750445,gelu,16,64,0.0018607619516617438,3.598651214596098e-07,"[21, 29]","[0.15501889374715638, 0.15570184799698308]",,PRUNED
10,0.18068634079515522,2026-08-18 19:41:12.561300,2026-08-18 19:41:13.874622,0 days 00:00:01.313322,silu,64,128,0.00038734513819741996,5.68033946877546e-05,"[74, 67]","[0.22101351180281967, 0.1403591697874908]",,PRUNED
11,0.1412819366698085,2026-08-18 19:41:13.967049,2026-08-18 19:41:17.576802,0 days 00:00:03.609753,gelu,16,16,0.00048157084767058115,1.0968424798942889e-07,"[32, 25, 38]","[0.14664681811110972, 0.13766413804888156, 0.13953485384943426]",32.0,COMPLETE
12,0.13784738452954867,2026-08-18 19:41:17.669670,2026-08-18 19:41:21.685110,0 days 00:00:04.015440,silu,16,64,0.00039160004565994087,0.0036156587491345342,"[21, 21, 35]","[0.14035806014425092, 0.12784253893100034, 0.14534155451339467]",21.0,COMPLETE
13,0.13733889195276114,2026-08-18 19:41:21.777075,2026-08-18 19:41:25.813443,0 days 00:00:04.036368,silu,16,64,0.0002497047836085385,0.00805384288238657,"[32, 38, 37]","[0.13987813523295495, 0.1300880868712382, 0.1420504537540902]",37.0,COMPLETE
14,0.1376447609315292,2026-08-18 19:41:25.905722,2026-08-18 19:41:29.992436,0 days 00:00:04.086714,silu,16,64,0.00022300474600057537,0.00966352465273999,"[32, 42, 46]","[0.13992774529202914, 0.12971954074992736, 0.14328699675263104]",42.0,COMPLETE
15,0.13755260578569026,2026-08-18 19:41:30.085585,2026-08-18 19:41:34.252064,0 days 00:00:04.166479,silu,16,64,0.00022366243825875374,0.008796171546834944,"[32, 42, 46]","[0.13986128741636794, 0.12953940570102399, 0.14325712423967882]",42.0,COMPLETE
16,0.1373362874128745,2026-08-18 19:41:34.345060,2026-08-18 19:41:38.537272,0 days 00:00:04.192212,silu,16,64,0.0002638579211401815,0.007598381803113205,"[32, 38, 37]","[0.14000373584443113, 0.12947411087168886, 0.14253101552250358]",37.0,COMPLETE
17,0.13752906866312584,2026-08-18 19:41:38.630971,2026-08-18 19:41:42.734924,0 days 00:00:04.103953,silu,16,64,0.0002805614019606169,0.00017957976257070702,"[21, 38, 35]","[0.14116728748229787, 0.1285021539715784, 0.14291776453550126]",35.0,COMPLETE
18,0.14500244155810726,2026-08-18 19:41:42.830108,2026-08-18 19:41:45.375857,0 days 00:00:02.545749,silu,16,32,0.00026831251205704855,0.0003393213747046241,"[79, 37]","[0.15723488277310282, 0.13277000034311168]",,PRUNED
19,0.15584274749282845,2026-08-18 19:41:45.467415,2026-08-18 19:41:49.051518,0 days 00:00:03.584103,silu,16,128,0.0012051510322760414,0.0021099475478511503,"[95, 57]","[0.17192000603470867, 0.13976548895094823]",,PRUNED
20,0.13855724375940226,2026-08-18 19:41:49.144728,2026-08-18 19:41:51.538574,0 days 00:00:02.393846,silu,32,64,0.00033342757089178265,2.6574627339157713e-05,"[36, 31, 49]","[0.1401744916018291, 0.13190149781702462, 0.14359574185935306]",36.0,COMPLETE
21,0.13750280083605795,2026-08-18 19:41:51.632665,2026-08-18 19:41:55.720033,0 days 00:00:04.087368,silu,16,64,0.0002786619910067599,0.00020830350067383118,"[21, 38, 35]","[0.14088429122568216, 0.1288448804309324, 0.14277923085155927]",35.0,COMPLETE
22,0.13679444368785007,2026-08-18 19:41:55.817829,2026-08-18 19:41:59.944146,0 days 00:00:04.126317,silu,16,64,0.00026210479435812657,0.0012618663192121458,"[32, 38, 37]","[0.1382425757301181, 0.1297390266878166, 0.14240172864561557]",37.0,COMPLETE
23,0.13823386649820146,2026-08-18 19:42:00.103303,2026-08-18 19:42:04.198984,0 days 00:00:04.095681,silu,16,64,0.00025121038202335504,0.009925637334694443,"[31, 42, 37]","[0.14253335165343597, 0.13008755333722916, 0.1420806945039392]",37.0,COMPLETE
24,0.13668635351512082,2026-08-18 19:42:04.337548,2026-08-18 19:42:08.427424,0 days 00:00:04.089876,silu,16,64,0.0003559649800915954,0.0010321825993045096,"[21, 21, 35]","[0.13763712582976997, 0.12788895465485428, 0.14453298006073825]",21.0,COMPLETE
25,0.13872907641034307,2026-08-18 19:42:08.530826,2026-08-18 19:42:12.625611,0 days 00:00:04.094785,silu,16,64,0.0004613461386471669,0.001204922625511505,"[23, 21, 49]","[0.1423940816661377, 0.13019076082495448, 0.1436023867399371]",23.0,COMPLETE
26,0.13757180048210596,2026-08-18 19:42:12.719683,2026-08-18 19:42:16.917846,0 days 00:00:04.198163,silu,16,64,0.000335211279101209,0.0005987518918539205,"[21, 25, 35]","[0.13782549699464985, 0.13011907735651826, 0.14477082709514974]",25.0,COMPLETE
27,0.1460233940988211,2026-08-18 19:42:17.011120,2026-08-18 19:42:19.562703,0 days 00:00:02.551583,silu,16,32,0.0005825083762362186,0.0038068508176016674,"[49, 21]","[0.15787695450715913, 0.13416983369048308]",,PRUNED
28,0.17043353179004145,2026-08-18 19:42:19.654105,2026-08-18 19:42:23.252448,0 days 00:00:03.598343,gelu,16,128,0.0003830009611547314,0.002073173805947885,"[42, 19]","[0.20273080597167098, 0.13813625760841194]",,PRUNED
29,0.1699326606676887,2026-08-18 19:42:23.345250,2026-08-18 19:42:25.426631,0 days 00:00:02.081381,silu,32,128,0.000313569827109321,0.0009154645620250804,"[66, 56]","[0.20337795793039512, 0.13648736340498227]",,PRUNED
